<?xml version="1.0" encoding="UTF-8"?>
<testsuite name="com.browser.app.data.dao.WindowDaoTest" tests="8" skipped="0" failures="0" errors="0" timestamp="2026-08-10T15:14:52.984Z" hostname="all-in-one-5-vci-76lrc" time="0.342">
  <properties/>
  <testcase name="getById_returns_window_when_exists" classname="com.browser.app.data.dao.WindowDaoTest" time="0.031"/>
  <testcase name="getById_returns_null_when_not_exists" classname="com.browser.app.data.dao.WindowDaoTest" time="0.051"/>
  <testcase name="getCount_emits_zero_initially_then_reflects_inserts" classname="com.browser.app.data.dao.WindowDaoTest" time="0.049"/>
  <testcase name="update_overrides_existing_fields" classname="com.browser.app.data.dao.WindowDaoTest" time="0.047"/>
  <testcase name="delete_entity_removes_row" classname="com.browser.app.data.dao.WindowDaoTest" time="0.054"/>
  <testcase name="getAllWindows_returns_all_inserted_ordered_by_timestamp_desc" classname="com.browser.app.data.dao.WindowDaoTest" time="0.041"/>
  <testcase name="insert_returns_generated_id" classname="com.browser.app.data.dao.WindowDaoTest" time="0.031"/>
  <testcase name="deleteById_removes_only_target" classname="com.browser.app.data.dao.WindowDaoTest" time="0.038"/>
  <system-out><![CDATA[]]></system-out>
  <system-err><![CDATA[]]></system-err>
</testsuite>
